<?xml version="1.0" encoding="UTF-8"?>
<testsuite xmlns:xsi="http://www.w3.org/2001/XMLSchema-instance" xsi:schemaLocation="https://maven.apache.org/surefire/maven-surefire-plugin/xsd/surefire-test-report.xsd" name="fr.wildcodeschool.unittesting.TestClass" time="0.114" tests="6" errors="0" skipped="0" failures="0">
  <properties>
[...]
</properties>
  <testcase name="withoutVowelsdTest" classname="fr.wildcodeschool.unittesting.TestClass" time="0.001"/>
  <testcase name="withoutVowelsdTestCase" classname="fr.wildcodeschool.unittesting.TestClass" time="0"/>
  <testcase name="nullParameterCase" classname="fr.wildcodeschool.unittesting.TestClass" time="0"/>
  <testcase name="exceptionCase" classname="fr.wildcodeschool.unittesting.TestClass" time="0"/>
  <testcase name="occurencesTest" classname="fr.wildcodeschool.unittesting.TestClass" time="0.016"/>
  <testcase name="notWorkingCase" classname="fr.wildcodeschool.unittesting.TestClass" time="0"/>
</testsuite>